This file contains any messages produced by compilers while
running configure, to aid debugging if configure makes a mistake.

It was created by sugarmaker configure 2.5.0-sugar4, which was
generated by GNU Autoconf 2.72.  Invocation command line was

  $ ./configure --prefix=/data/data/com.termux/files/usr 'CFLAGS=-Wall -O2 -fomit-frame-pointer -I/data/data/com.termux/files/usr/include' 'CXXFLAGS=-Wall -O2 -fomit-frame-pointer -std=gnu++11 -I/data/data/com.termux/files/usr/include' LDFLAGS=-L/data/data/com.termux/files/usr/lib

## --------- ##
## Platform. ##
## --------- ##

hostname = localhost
uname -m = aarch64
uname -r = 5.10.136-android12-9-26494496-abF721USQS3CWFB
uname -s = Linux
uname -v = #1 SMP PREEMPT Tue Jun 27 12:00:19 UTC 2023

/usr/bin/uname -p = unknown
/bin/uname -X     = unknown

/bin/arch              = unknown
/usr/bin/arch -k       = unknown
/usr/convex/getsysinfo = unknown
/usr/bin/hostinfo      = unknown
/bin/machine           = unknown
/usr/bin/oslevel       = unknown
/bin/universe          = unknown

PATH: /data/data/com.termux/files/usr/bin/


## ----------- ##
## Core tests. ##
## ----------- ##

configure:2513: looking for aux files: compile missing install-sh config.guess config.sub
configure:2526:  trying ./
configure:2555:   ./compile found
configure:2555:   ./missing found
configure:2537:   ./install-sh found
configure:2555:   ./config.guess found
configure:2555:   ./config.sub found
configure:2676: checking build system type
configure:2692: result: aarch64-unknown-linux-android
configure:2712: checking host system type
configure:2727: result: aarch64-unknown-linux-android
configure:2747: checking target system type
configure:2762: result: aarch64-unknown-linux-android
configure:2807: checking for a BSD-compatible install
configure:2881: result: /data/data/com.termux/files/usr/bin/install -c
configure:2892: checking whether sleep supports fractional seconds
configure:2908: result: yes
configure:2911: checking filesystem timestamp resolution
configure:3046: result: 0.01
configure:3051: checking whether build environment is sane
configure:3096: result: yes
configure:3267: checking for a race-free mkdir -p
configure:3310: result: /data/data/com.termux/files/usr/bin/mkdir -p
configure:3317: checking for gawk
configure:3338: found /data/data/com.termux/files/usr/bin/gawk
configure:3350: result: gawk
configure:3361: checking whether make sets $(MAKE)
configure:3385: result: yes
configure:3411: checking whether make supports nested variables
configure:3430: result: yes
configure:3444: checking xargs -n works
configure:3460: result: yes
configure:3545: checking whether UID '10325' is supported by ustar format
configure:3551: result: yes
configure:3558: checking whether GID '10325' is supported by ustar format
configure:3564: result: yes
configure:3572: checking how to create a ustar tar archive
configure:3583: tar --version
tar (GNU tar) 1.35
Copyright (C) 2023 Free Software Foundation, Inc.
License GPLv3+: GNU GPL version 3 or later <https://gnu.org/licenses/gpl.html>.
This is free software: you are free to change and redistribute it.
There is NO WARRANTY, to the extent permitted by law.

Written by John Gilmore and Jay Fenlason.
configure:3586: $? = 0
configure:3626: tardir=conftest.dir && eval tar --format=ustar -chf - "$tardir" >conftest.tar
configure:3629: $? = 0
configure:3633: tar -xf - <conftest.tar
configure:3636: $? = 0
configure:3638: cat conftest.dir/file
GrepMe
configure:3641: $? = 0
configure:3656: result: gnutar
configure:3686: checking whether to enable maintainer-specific portions of Makefiles
configure:3697: result: no
configure:3726: checking whether make supports the include directive
configure:3741: make -f confmf.GNU && cat confinc.out
this is the am__doit target
configure:3744: $? = 0
configure:3763: result: yes (GNU style)
configure:3840: checking for gcc
configure:3861: found /data/data/com.termux/files/usr/bin/gcc
configure:3873: result: gcc
configure:4232: checking for C compiler version
configure:4241: gcc --version >&5
clang version 21.1.3
Target: aarch64-unknown-linux-android24
Thread model: posix
InstalledDir: /data/data/com.termux/files/usr/bin
configure:4252: $? = 0
configure:4241: gcc -v >&5
clang version 21.1.3
Target: aarch64-unknown-linux-android24
Thread model: posix
InstalledDir: /data/data/com.termux/files/usr/bin
configure:4252: $? = 0
configure:4241: gcc -V >&5
gcc: error: argument to '-V' is missing (expected 1 value)
gcc: error: no input files
configure:4252: $? = 1
configure:4241: gcc -qversion >&5
gcc: error: unknown argument '-qversion'; did you mean '--version'?
gcc: error: no input files
configure:4252: $? = 1
configure:4241: gcc -version >&5
gcc: error: unknown argument '-version'; did you mean '--version'?
gcc: error: no input files
configure:4252: $? = 1
configure:4272: checking whether the C compiler works
configure:4294: gcc -Wall -O2 -fomit-frame-pointer -I/data/data/com.termux/files/usr/include  -L/data/data/com.termux/files/usr/lib conftest.c  >&5
configure:4298: $? = 0
configure:4349: result: yes
configure:4353: checking for C compiler default output file name
configure:4355: result: a.out
configure:4361: checking for suffix of executables
configure:4368: gcc -o conftest -Wall -O2 -fomit-frame-pointer -I/data/data/com.termux/files/usr/include  -L/data/data/com.termux/files/usr/lib conftest.c  >&5
configure:4372: $? = 0
configure:4396: result: 
configure:4420: checking whether we are cross compiling
configure:4428: gcc -o conftest -Wall -O2 -fomit-frame-pointer -I/data/data/com.termux/files/usr/include  -L/data/data/com.termux/files/usr/lib conftest.c  >&5
configure:4432: $? = 0
configure:4439: ./conftest
configure:4443: $? = 0
configure:4458: result: no
configure:4464: checking for suffix of object files
configure:4487: gcc -c -Wall -O2 -fomit-frame-pointer -I/data/data/com.termux/files/usr/include  conftest.c >&5
configure:4491: $? = 0
configure:4515: result: o
configure:4519: checking whether the compiler supports GNU C
configure:4539: gcc -c -Wall -O2 -fomit-frame-pointer -I/data/data/com.termux/files/usr/include  conftest.c >&5
configure:4539: $? = 0
configure:4551: result: yes
configure:4562: checking whether gcc accepts -g
configure:4583: gcc -c -g  conftest.c >&5
configure:4583: $? = 0
configure:4630: result: yes
configure:4650: checking for gcc option to enable C11 features
configure:4665: gcc  -c -Wall -O2 -fomit-frame-pointer -I/data/data/com.termux/files/usr/include  conftest.c >&5
configure:4665: $? = 0
configure:4684: result: none needed
configure:4808: checking whether gcc understands -c and -o together
configure:4831: gcc -c conftest.c -o conftest2.o
configure:4834: $? = 0
configure:4831: gcc -c conftest.c -o conftest2.o
configure:4834: $? = 0
configure:4850: result: yes
configure:4869: checking dependency style of gcc
configure:4982: result: gcc3
configure:5009: checking dependency style of gcc
configure:5120: result: gcc3
configure:5184: checking for ranlib
configure:5220: result: no
configure:5251: checking for stdio.h
configure:5251: gcc -c -Wall -O2 -fomit-frame-pointer -I/data/data/com.termux/files/usr/include  conftest.c >&5
configure:5251: $? = 0
configure:5251: result: yes
configure:5251: checking for stdlib.h
configure:5251: gcc -c -Wall -O2 -fomit-frame-pointer -I/data/data/com.termux/files/usr/include  conftest.c >&5
configure:5251: $? = 0
configure:5251: result: yes
configure:5251: checking for string.h
configure:5251: gcc -c -Wall -O2 -fomit-frame-pointer -I/data/data/com.termux/files/usr/include  conftest.c >&5
configure:5251: $? = 0
configure:5251: result: yes
configure:5251: checking for inttypes.h
configure:5251: gcc -c -Wall -O2 -fomit-frame-pointer -I/data/data/com.termux/files/usr/include  conftest.c >&5
configure:5251: $? = 0
configure:5251: result: yes
configure:5251: checking for stdint.h
configure:5251: gcc -c -Wall -O2 -fomit-frame-pointer -I/data/data/com.termux/files/usr/include  conftest.c >&5
configure:5251: $? = 0
configure:5251: result: yes
configure:5251: checking for strings.h
configure:5251: gcc -c -Wall -O2 -fomit-frame-pointer -I/data/data/com.termux/files/usr/include  conftest.c >&5
configure:5251: $? = 0
configure:5251: result: yes
configure:5251: checking for sys/stat.h
configure:5251: gcc -c -Wall -O2 -fomit-frame-pointer -I/data/data/com.termux/files/usr/include  conftest.c >&5
configure:5251: $? = 0
configure:5251: result: yes
configure:5251: checking for sys/types.h
configure:5251: gcc -c -Wall -O2 -fomit-frame-pointer -I/data/data/com.termux/files/usr/include  conftest.c >&5
configure:5251: $? = 0
configure:5251: result: yes
configure:5251: checking for unistd.h
configure:5251: gcc -c -Wall -O2 -fomit-frame-pointer -I/data/data/com.termux/files/usr/include  conftest.c >&5
configure:5251: $? = 0
configure:5251: result: yes
configure:5276: checking for grep that handles long lines and -e
configure:5342: result: /data/data/com.termux/files/usr/bin/grep
configure:5350: checking for egrep
configure:5420: result: /data/data/com.termux/files/usr/bin/grep -E
configure:5428: checking for sys/endian.h
configure:5428: gcc -c -Wall -O2 -fomit-frame-pointer -I/data/data/com.termux/files/usr/include  conftest.c >&5
configure:5428: $? = 0
configure:5428: result: yes
configure:5434: checking for sys/param.h
configure:5434: gcc -c -Wall -O2 -fomit-frame-pointer -I/data/data/com.termux/files/usr/include  conftest.c >&5
configure:5434: $? = 0
configure:5434: result: yes
configure:5440: checking for syslog.h
configure:5440: gcc -c -Wall -O2 -fomit-frame-pointer -I/data/data/com.termux/files/usr/include  conftest.c >&5
configure:5440: $? = 0
configure:5440: result: yes
configure:5449: checking for sys/sysctl.h
configure:5449: gcc -c -Wall -O2 -fomit-frame-pointer -I/data/data/com.termux/files/usr/include  conftest.c >&5
conftest.c:30:10: fatal error: 'sys/sysctl.h' file not found
   30 | #include <sys/sysctl.h>
      |          ^~~~~~~~~~~~~~
1 error generated.
configure:5449: $? = 1
configure: failed program was:
| /* confdefs.h */
| #define PACKAGE_NAME "sugarmaker"
| #define PACKAGE_TARNAME "sugarmaker"
| #define PACKAGE_VERSION "2.5.0-sugar4"
| #define PACKAGE_STRING "sugarmaker 2.5.0-sugar4"
| #define PACKAGE_BUGREPORT ""
| #define PACKAGE_URL ""
| #define PACKAGE "sugarmaker"
| #define VERSION "2.5.0-sugar4"
| #define HAVE_STDIO_H 1
| #define HAVE_STDLIB_H 1
| #define HAVE_STRING_H 1
| #define HAVE_INTTYPES_H 1
| #define HAVE_STDINT_H 1
| #define HAVE_STRINGS_H 1
| #define HAVE_SYS_STAT_H 1
| #define HAVE_SYS_TYPES_H 1
| #define HAVE_UNISTD_H 1
| #define STDC_HEADERS 1
| #define HAVE_SYS_ENDIAN_H 1
| #define HAVE_SYS_PARAM_H 1
| #define HAVE_SYSLOG_H 1
| /* end confdefs.h.  */
| #include <sys/types.h>
| #ifdef HAVE_SYS_PARAM_H
| #include <sys/param.h>
| #endif
| 
| 
| #include <sys/sysctl.h>
configure:5449: result: no
configure:5462: checking for gcc options needed to detect all undeclared functions
configure:5484: gcc -c -Wall -O2 -fomit-frame-pointer -I/data/data/com.termux/files/usr/include   conftest.c >&5
conftest.c:28:8: error: call to undeclared library function 'strchr' with type 'char *(const char *, int)'; ISO C99 and later do not support implicit function declarations [-Wimplicit-function-declaration]
   28 | (void) strchr;
      |        ^
conftest.c:28:8: note: include the header <string.h> or explicitly provide a declaration for 'strchr'
1 error generated.
configure:5484: $? = 1
configure: failed program was:
| /* confdefs.h */
| #define PACKAGE_NAME "sugarmaker"
| #define PACKAGE_TARNAME "sugarmaker"
| #define PACKAGE_VERSION "2.5.0-sugar4"
| #define PACKAGE_STRING "sugarmaker 2.5.0-sugar4"
| #define PACKAGE_BUGREPORT ""
| #define PACKAGE_URL ""
| #define PACKAGE "sugarmaker"
| #define VERSION "2.5.0-sugar4"
| #define HAVE_STDIO_H 1
| #define HAVE_STDLIB_H 1
| #define HAVE_STRING_H 1
| #define HAVE_INTTYPES_H 1
| #define HAVE_STDINT_H 1
| #define HAVE_STRINGS_H 1
| #define HAVE_SYS_STAT_H 1
| #define HAVE_SYS_TYPES_H 1
| #define HAVE_UNISTD_H 1
| #define STDC_HEADERS 1
| #define HAVE_SYS_ENDIAN_H 1
| #define HAVE_SYS_PARAM_H 1
| #define HAVE_SYSLOG_H 1
| /* end confdefs.h.  */
| 
| int
| main (void)
| {
| (void) strchr;
|   ;
|   return 0;
| }
configure:5511: gcc -c -Wall -O2 -fomit-frame-pointer -I/data/data/com.termux/files/usr/include   conftest.c >&5
configure:5511: $? = 0
configure:5531: result: none needed
configure:5545: checking whether be32dec is declared
configure:5545: gcc -c -Wall -O2 -fomit-frame-pointer -I/data/data/com.termux/files/usr/include   conftest.c >&5
conftest.c:64:10: error: use of undeclared identifier 'be32dec'
   64 |   (void) be32dec;
      |          ^~~~~~~
1 error generated.
configure:5545: $? = 1
configure: failed program was:
| /* confdefs.h */
| #define PACKAGE_NAME "sugarmaker"
| #define PACKAGE_TARNAME "sugarmaker"
| #define PACKAGE_VERSION "2.5.0-sugar4"
| #define PACKAGE_STRING "sugarmaker 2.5.0-sugar4"
| #define PACKAGE_BUGREPORT ""
| #define PACKAGE_URL ""
| #define PACKAGE "sugarmaker"
| #define VERSION "2.5.0-sugar4"
| #define HAVE_STDIO_H 1
| #define HAVE_STDLIB_H 1
| #define HAVE_STRING_H 1
| #define HAVE_INTTYPES_H 1
| #define HAVE_STDINT_H 1
| #define HAVE_STRINGS_H 1
| #define HAVE_SYS_STAT_H 1
| #define HAVE_SYS_TYPES_H 1
| #define HAVE_UNISTD_H 1
| #define STDC_HEADERS 1
| #define HAVE_SYS_ENDIAN_H 1
| #define HAVE_SYS_PARAM_H 1
| #define HAVE_SYSLOG_H 1
| /* end confdefs.h.  */
| #include <stddef.h>
| #ifdef HAVE_STDIO_H
| # include <stdio.h>
| #endif
| #ifdef HAVE_STDLIB_H
| # include <stdlib.h>
| #endif
| #ifdef HAVE_STRING_H
| # include <string.h>
| #endif
| #ifdef HAVE_INTTYPES_H
| # include <inttypes.h>
| #endif
| #ifdef HAVE_STDINT_H
| # include <stdint.h>
| #endif
| #ifdef HAVE_STRINGS_H
| # include <strings.h>
| #endif
| #ifdef HAVE_SYS_TYPES_H
| # include <sys/types.h>
| #endif
| #ifdef HAVE_SYS_STAT_H
| # include <sys/stat.h>
| #endif
| #ifdef HAVE_UNISTD_H
| # include <unistd.h>
| #endif
| #ifdef HAVE_SYS_ENDIAN_H
| #include <sys/endian.h>
| #endif
| 
| 
| int
| main (void)
| {
| #ifndef be32dec
| #ifdef __cplusplus
|   (void) be32dec;
| #else
|   (void) be32dec;
| #endif
| #endif
| 
|   ;
|   return 0;
| }
configure:5545: result: no
configure:5559: checking whether le32dec is declared
configure:5559: gcc -c -Wall -O2 -fomit-frame-pointer -I/data/data/com.termux/files/usr/include   conftest.c >&5
conftest.c:65:10: error: use of undeclared identifier 'le32dec'
   65 |   (void) le32dec;
      |          ^~~~~~~
1 error generated.
configure:5559: $? = 1
configure: failed program was:
| /* confdefs.h */
| #define PACKAGE_NAME "sugarmaker"
| #define PACKAGE_TARNAME "sugarmaker"
| #define PACKAGE_VERSION "2.5.0-sugar4"
| #define PACKAGE_STRING "sugarmaker 2.5.0-sugar4"
| #define PACKAGE_BUGREPORT ""
| #define PACKAGE_URL ""
| #define PACKAGE "sugarmaker"
| #define VERSION "2.5.0-sugar4"
| #define HAVE_STDIO_H 1
| #define HAVE_STDLIB_H 1
| #define HAVE_STRING_H 1
| #define HAVE_INTTYPES_H 1
| #define HAVE_STDINT_H 1
| #define HAVE_STRINGS_H 1
| #define HAVE_SYS_STAT_H 1
| #define HAVE_SYS_TYPES_H 1
| #define HAVE_UNISTD_H 1
| #define STDC_HEADERS 1
| #define HAVE_SYS_ENDIAN_H 1
| #define HAVE_SYS_PARAM_H 1
| #define HAVE_SYSLOG_H 1
| #define HAVE_DECL_BE32DEC 0
| /* end confdefs.h.  */
| #include <stddef.h>
| #ifdef HAVE_STDIO_H
| # include <stdio.h>
| #endif
| #ifdef HAVE_STDLIB_H
| # include <stdlib.h>
| #endif
| #ifdef HAVE_STRING_H
| # include <string.h>
| #endif
| #ifdef HAVE_INTTYPES_H
| # include <inttypes.h>
| #endif
| #ifdef HAVE_STDINT_H
| # include <stdint.h>
| #endif
| #ifdef HAVE_STRINGS_H
| # include <strings.h>
| #endif
| #ifdef HAVE_SYS_TYPES_H
| # include <sys/types.h>
| #endif
| #ifdef HAVE_SYS_STAT_H
| # include <sys/stat.h>
| #endif
| #ifdef HAVE_UNISTD_H
| # include <unistd.h>
| #endif
| #ifdef HAVE_SYS_ENDIAN_H
| #include <sys/endian.h>
| #endif
| 
| 
| int
| main (void)
| {
| #ifndef le32dec
| #ifdef __cplusplus
|   (void) le32dec;
| #else
|   (void) le32dec;
| #endif
| #endif
| 
|   ;
|   return 0;
| }
configure:5559: result: no
configure:5573: checking whether be32enc is declared
configure:5573: gcc -c -Wall -O2 -fomit-frame-pointer -I/data/data/com.termux/files/usr/include   conftest.c >&5
conftest.c:66:10: error: use of undeclared identifier 'be32enc'
   66 |   (void) be32enc;
      |          ^~~~~~~
1 error generated.
configure:5573: $? = 1
configure: failed program was:
| /* confdefs.h */
| #define PACKAGE_NAME "sugarmaker"
| #define PACKAGE_TARNAME "sugarmaker"
| #define PACKAGE_VERSION "2.5.0-sugar4"
| #define PACKAGE_STRING "sugarmaker 2.5.0-sugar4"
| #define PACKAGE_BUGREPORT ""
| #define PACKAGE_URL ""
| #define PACKAGE "sugarmaker"
| #define VERSION "2.5.0-sugar4"
| #define HAVE_STDIO_H 1
| #define HAVE_STDLIB_H 1
| #define HAVE_STRING_H 1
| #define HAVE_INTTYPES_H 1
| #define HAVE_STDINT_H 1
| #define HAVE_STRINGS_H 1
| #define HAVE_SYS_STAT_H 1
| #define HAVE_SYS_TYPES_H 1
| #define HAVE_UNISTD_H 1
| #define STDC_HEADERS 1
| #define HAVE_SYS_ENDIAN_H 1
| #define HAVE_SYS_PARAM_H 1
| #define HAVE_SYSLOG_H 1
| #define HAVE_DECL_BE32DEC 0
| #define HAVE_DECL_LE32DEC 0
| /* end confdefs.h.  */
| #include <stddef.h>
| #ifdef HAVE_STDIO_H
| # include <stdio.h>
| #endif
| #ifdef HAVE_STDLIB_H
| # include <stdlib.h>
| #endif
| #ifdef HAVE_STRING_H
| # include <string.h>
| #endif
| #ifdef HAVE_INTTYPES_H
| # include <inttypes.h>
| #endif
| #ifdef HAVE_STDINT_H
| # include <stdint.h>
| #endif
| #ifdef HAVE_STRINGS_H
| # include <strings.h>
| #endif
| #ifdef HAVE_SYS_TYPES_H
| # include <sys/types.h>
| #endif
| #ifdef HAVE_SYS_STAT_H
| # include <sys/stat.h>
| #endif
| #ifdef HAVE_UNISTD_H
| # include <unistd.h>
| #endif
| #ifdef HAVE_SYS_ENDIAN_H
| #include <sys/endian.h>
| #endif
| 
| 
| int
| main (void)
| {
| #ifndef be32enc
| #ifdef __cplusplus
|   (void) be32enc;
| #else
|   (void) be32enc;
| #endif
| #endif
| 
|   ;
|   return 0;
| }
configure:5573: result: no
configure:5587: checking whether le32enc is declared
configure:5587: gcc -c -Wall -O2 -fomit-frame-pointer -I/data/data/com.termux/files/usr/include   conftest.c >&5
conftest.c:67:10: error: use of undeclared identifier 'le32enc'
   67 |   (void) le32enc;
      |          ^~~~~~~
1 error generated.
configure:5587: $? = 1
configure: failed program was:
| /* confdefs.h */
| #define PACKAGE_NAME "sugarmaker"
| #define PACKAGE_TARNAME "sugarmaker"
| #define PACKAGE_VERSION "2.5.0-sugar4"
| #define PACKAGE_STRING "sugarmaker 2.5.0-sugar4"
| #define PACKAGE_BUGREPORT ""
| #define PACKAGE_URL ""
| #define PACKAGE "sugarmaker"
| #define VERSION "2.5.0-sugar4"
| #define HAVE_STDIO_H 1
| #define HAVE_STDLIB_H 1
| #define HAVE_STRING_H 1
| #define HAVE_INTTYPES_H 1
| #define HAVE_STDINT_H 1
| #define HAVE_STRINGS_H 1
| #define HAVE_SYS_STAT_H 1
| #define HAVE_SYS_TYPES_H 1
| #define HAVE_UNISTD_H 1
| #define STDC_HEADERS 1
| #define HAVE_SYS_ENDIAN_H 1
| #define HAVE_SYS_PARAM_H 1
| #define HAVE_SYSLOG_H 1
| #define HAVE_DECL_BE32DEC 0
| #define HAVE_DECL_LE32DEC 0
| #define HAVE_DECL_BE32ENC 0
| /* end confdefs.h.  */
| #include <stddef.h>
| #ifdef HAVE_STDIO_H
| # include <stdio.h>
| #endif
| #ifdef HAVE_STDLIB_H
| # include <stdlib.h>
| #endif
| #ifdef HAVE_STRING_H
| # include <string.h>
| #endif
| #ifdef HAVE_INTTYPES_H
| # include <inttypes.h>
| #endif
| #ifdef HAVE_STDINT_H
| # include <stdint.h>
| #endif
| #ifdef HAVE_STRINGS_H
| # include <strings.h>
| #endif
| #ifdef HAVE_SYS_TYPES_H
| # include <sys/types.h>
| #endif
| #ifdef HAVE_SYS_STAT_H
| # include <sys/stat.h>
| #endif
| #ifdef HAVE_UNISTD_H
| # include <unistd.h>
| #endif
| #ifdef HAVE_SYS_ENDIAN_H
| #include <sys/endian.h>
| #endif
| 
| 
| int
| main (void)
| {
| #ifndef le32enc
| #ifdef __cplusplus
|   (void) le32enc;
| #else
|   (void) le32enc;
| #endif
| #endif
| 
|   ;
|   return 0;
| }
configure:5587: result: no
configure:5603: checking for size_t
configure:5603: gcc -c -Wall -O2 -fomit-frame-pointer -I/data/data/com.termux/files/usr/include  conftest.c >&5
configure:5603: $? = 0
configure:5603: gcc -c -Wall -O2 -fomit-frame-pointer -I/data/data/com.termux/files/usr/include  conftest.c >&5
conftest.c:59:21: error: expected expression
   59 | if (sizeof ((size_t)))
      |                     ^
1 error generated.
configure:5603: $? = 1
configure: failed program was:
| /* confdefs.h */
| #define PACKAGE_NAME "sugarmaker"
| #define PACKAGE_TARNAME "sugarmaker"
| #define PACKAGE_VERSION "2.5.0-sugar4"
| #define PACKAGE_STRING "sugarmaker 2.5.0-sugar4"
| #define PACKAGE_BUGREPORT ""
| #define PACKAGE_URL ""
| #define PACKAGE "sugarmaker"
| #define VERSION "2.5.0-sugar4"
| #define HAVE_STDIO_H 1
| #define HAVE_STDLIB_H 1
| #define HAVE_STRING_H 1
| #define HAVE_INTTYPES_H 1
| #define HAVE_STDINT_H 1
| #define HAVE_STRINGS_H 1
| #define HAVE_SYS_STAT_H 1
| #define HAVE_SYS_TYPES_H 1
| #define HAVE_UNISTD_H 1
| #define STDC_HEADERS 1
| #define HAVE_SYS_ENDIAN_H 1
| #define HAVE_SYS_PARAM_H 1
| #define HAVE_SYSLOG_H 1
| #define HAVE_DECL_BE32DEC 0
| #define HAVE_DECL_LE32DEC 0
| #define HAVE_DECL_BE32ENC 0
| #define HAVE_DECL_LE32ENC 0
| /* end confdefs.h.  */
| #include <stddef.h>
| #ifdef HAVE_STDIO_H
| # include <stdio.h>
| #endif
| #ifdef HAVE_STDLIB_H
| # include <stdlib.h>
| #endif
| #ifdef HAVE_STRING_H
| # include <string.h>
| #endif
| #ifdef HAVE_INTTYPES_H
| # include <inttypes.h>
| #endif
| #ifdef HAVE_STDINT_H
| # include <stdint.h>
| #endif
| #ifdef HAVE_STRINGS_H
| # include <strings.h>
| #endif
| #ifdef HAVE_SYS_TYPES_H
| # include <sys/types.h>
| #endif
| #ifdef HAVE_SYS_STAT_H
| # include <sys/stat.h>
| #endif
| #ifdef HAVE_UNISTD_H
| # include <unistd.h>
| #endif
| int
| main (void)
| {
| if (sizeof ((size_t)))
| 	    return 0;
|   ;
|   return 0;
| }
configure:5603: result: yes
configure:5616: checking for working alloca.h
configure:5634: gcc -o conftest -Wall -O2 -fomit-frame-pointer -I/data/data/com.termux/files/usr/include  -L/data/data/com.termux/files/usr/lib conftest.c  >&5
configure:5634: $? = 0
configure:5645: result: yes
configure:5653: checking for alloca
configure:5698: result: yes
configure:5767: checking for getopt_long
configure:5767: gcc -o conftest -Wall -O2 -fomit-frame-pointer -I/data/data/com.termux/files/usr/include  -L/data/data/com.termux/files/usr/lib conftest.c  >&5
configure:5767: $? = 0
configure:5767: result: yes
configure:6298: checking for json_loads in -ljansson
configure:6327: gcc -o conftest -Wall -O2 -fomit-frame-pointer -I/data/data/com.termux/files/usr/include    -L/data/data/com.termux/files/usr/lib  conftest.c -ljansson   >&5
configure:6327: $? = 0
configure:6339: result: yes
configure:6349: checking for pthread_create in -lpthread
configure:6378: gcc -o conftest -Wall -O2 -fomit-frame-pointer -I/data/data/com.termux/files/usr/include    -L/data/data/com.termux/files/usr/lib  conftest.c -lpthread   >&5
configure:6378: $? = 0
configure:6390: result: yes
configure:6689: checking that generated files are newer than configure
configure:6695: result: done
configure:6746: creating ./config.status

## ---------------------- ##
## Running config.status. ##
## ---------------------- ##

This file was extended by sugarmaker config.status 2.5.0-sugar4, which was
generated by GNU Autoconf 2.72.  Invocation command line was

  CONFIG_FILES    = 
  CONFIG_HEADERS  = 
  CONFIG_LINKS    = 
  CONFIG_COMMANDS = 
  $ ./config.status 

on localhost

config.status:898: creating Makefile
config.status:898: creating compat/Makefile
config.status:898: creating compat/jansson/Makefile
config.status:898: creating cpuminer-config.h
config.status:1079: cpuminer-config.h is unchanged
config.status:1127: executing depfiles commands
config.status:1202: cd .       && sed -e '/# am--include-marker/d' Makefile         | make -f - am--depfiles
config.status:1209: $? = 0
config.status:1202: cd compat/jansson       && sed -e '/# am--include-marker/d' Makefile         | make -f - am--depfiles
make: Nothing to be done for 'am--depfiles'.
config.status:1209: $? = 0

## ---------------- ##
## Cache variables. ##
## ---------------- ##

ac_cv_build='aarch64-unknown-linux-android'
ac_cv_c_compiler_gnu='yes'
ac_cv_c_undeclared_builtin_options='none needed'
ac_cv_env_CCASFLAGS_set=''
ac_cv_env_CCASFLAGS_value=''
ac_cv_env_CCAS_set=''
ac_cv_env_CCAS_value=''
ac_cv_env_CC_set=''
ac_cv_env_CC_value=''
ac_cv_env_CFLAGS_set='set'
ac_cv_env_CFLAGS_value='-Wall -O2 -fomit-frame-pointer -I/data/data/com.termux/files/usr/include'
ac_cv_env_CPPFLAGS_set=''
ac_cv_env_CPPFLAGS_value=''
ac_cv_env_LDFLAGS_set='set'
ac_cv_env_LDFLAGS_value='-L/data/data/com.termux/files/usr/lib'
ac_cv_env_LIBS_set=''
ac_cv_env_LIBS_value=''
ac_cv_env_build_alias_set=''
ac_cv_env_build_alias_value=''
ac_cv_env_host_alias_set=''
ac_cv_env_host_alias_value=''
ac_cv_env_target_alias_set=''
ac_cv_env_target_alias_value=''
ac_cv_func_alloca_works='yes'
ac_cv_func_getopt_long='yes'
ac_cv_have_decl_be32dec='no'
ac_cv_have_decl_be32enc='no'
ac_cv_have_decl_le32dec='no'
ac_cv_have_decl_le32enc='no'
ac_cv_header_inttypes_h='yes'
ac_cv_header_stdint_h='yes'
ac_cv_header_stdio_h='yes'
ac_cv_header_stdlib_h='yes'
ac_cv_header_string_h='yes'
ac_cv_header_strings_h='yes'
ac_cv_header_sys_endian_h='yes'
ac_cv_header_sys_param_h='yes'
ac_cv_header_sys_stat_h='yes'
ac_cv_header_sys_sysctl_h='no'
ac_cv_header_sys_types_h='yes'
ac_cv_header_syslog_h='yes'
ac_cv_header_unistd_h='yes'
ac_cv_host='aarch64-unknown-linux-android'
ac_cv_lib_jansson_json_loads='yes'
ac_cv_lib_pthread_pthread_create='yes'
ac_cv_objext='o'
ac_cv_path_EGREP='/data/data/com.termux/files/usr/bin/grep -E'
ac_cv_path_EGREP_TRADITIONAL='/data/data/com.termux/files/usr/bin/grep -E'
ac_cv_path_GREP='/data/data/com.termux/files/usr/bin/grep'
ac_cv_path_install='/data/data/com.termux/files/usr/bin/install -c'
ac_cv_path_mkdir='/data/data/com.termux/files/usr/bin/mkdir'
ac_cv_prog_AWK='gawk'
ac_cv_prog_ac_ct_CC='gcc'
ac_cv_prog_cc_c11=''
ac_cv_prog_cc_g='yes'
ac_cv_prog_cc_stdc=''
ac_cv_prog_make_make_set='yes'
ac_cv_target='aarch64-unknown-linux-android'
ac_cv_type_size_t='yes'
ac_cv_working_alloca_h='yes'
am_cv_CCAS_dependencies_compiler_type='gcc3'
am_cv_CC_dependencies_compiler_type='gcc3'
am_cv_filesystem_timestamp_resolution='0.01'
am_cv_make_support_nested_variables='yes'
am_cv_prog_cc_c_o='yes'
am_cv_prog_tar_ustar='gnutar'
am_cv_sleep_fractional_seconds='yes'
am_cv_xargs_n_works='yes'

## ----------------- ##
## Output variables. ##
## ----------------- ##

ACLOCAL='${SHELL} '\''/data/data/com.termux/files/home/sugarmaker/missing'\'' aclocal-1.18'
ALLOCA=''
AMDEPBACKSLASH='\'
AMDEP_FALSE='#'
AMDEP_TRUE=''
AMTAR='$${TAR-tar}'
AM_BACKSLASH='\'
AM_DEFAULT_V='$(AM_DEFAULT_VERBOSITY)'
AM_DEFAULT_VERBOSITY='1'
AM_V='$(V)'
AUTOCONF='${SHELL} '\''/data/data/com.termux/files/home/sugarmaker/missing'\'' autoconf'
AUTOHEADER='${SHELL} '\''/data/data/com.termux/files/home/sugarmaker/missing'\'' autoheader'
AUTOMAKE='${SHELL} '\''/data/data/com.termux/files/home/sugarmaker/missing'\'' automake-1.18'
AWK='gawk'
CC='gcc'
CCAS='gcc'
CCASDEPMODE='depmode=gcc3'
CCASFLAGS='-Wall -O2 -fomit-frame-pointer -I/data/data/com.termux/files/usr/include'
CCDEPMODE='depmode=gcc3'
CFLAGS='-Wall -O2 -fomit-frame-pointer -I/data/data/com.termux/files/usr/include '
CPPFLAGS=' '
CSCOPE='cscope'
CTAGS='ctags'
CYGPATH_W='echo'
DEFS='-DHAVE_CONFIG_H'
DEPDIR='.deps'
ECHO_C=''
ECHO_N='-n'
ECHO_T=''
EGREP='/data/data/com.termux/files/usr/bin/grep -E'
ETAGS='etags'
EXEEXT=''
GREP='/data/data/com.termux/files/usr/bin/grep'
HAVE_WINDOWS_FALSE=''
HAVE_WINDOWS_TRUE='#'
INSTALL_DATA='${INSTALL} -m 644'
INSTALL_PROGRAM='${INSTALL}'
INSTALL_SCRIPT='${INSTALL}'
INSTALL_STRIP_PROGRAM='$(install_sh) -c -s'
JANSSON_LIBS='-ljansson'
LDFLAGS='-L/data/data/com.termux/files/usr/lib '
LIBCURL='-lcurl'
LIBCURL_CPPFLAGS=''
LIBOBJS=''
LIBS=''
LTLIBOBJS=''
MAINT='#'
MAINTAINER_MODE_FALSE=''
MAINTAINER_MODE_TRUE='#'
MAKEINFO='${SHELL} '\''/data/data/com.termux/files/home/sugarmaker/missing'\'' makeinfo'
MKDIR_P='/data/data/com.termux/files/usr/bin/mkdir -p'
OBJEXT='o'
PACKAGE='sugarmaker'
PACKAGE_BUGREPORT=''
PACKAGE_NAME='sugarmaker'
PACKAGE_STRING='sugarmaker 2.5.0-sugar4'
PACKAGE_TARNAME='sugarmaker'
PACKAGE_URL=''
PACKAGE_VERSION='2.5.0-sugar4'
PATH_SEPARATOR=':'
PTHREAD_FLAGS='-pthread'
PTHREAD_LIBS='-lpthread'
RANLIB=':'
SET_MAKE=''
SHELL='/data/data/com.termux/files/usr/bin/sh'
STRIP=''
VERSION='2.5.0-sugar4'
WANT_JANSSON_FALSE=''
WANT_JANSSON_TRUE='#'
WS2_LIBS=''
_libcurl_config=''
ac_ct_CC='gcc'
am__EXEEXT_FALSE=''
am__EXEEXT_TRUE='#'
am__fastdepCCAS_FALSE='#'
am__fastdepCCAS_TRUE=''
am__fastdepCC_FALSE='#'
am__fastdepCC_TRUE=''
am__include='include'
am__isrc=''
am__leading_dot='.'
am__nodep='_no'
am__quote=''
am__rm_f_notfound=''
am__tar='tar --format=ustar -chf - "$$tardir"'
am__untar='tar -xf -'
am__xargs_n='xargs -n'
bindir='${exec_prefix}/bin'
build='aarch64-unknown-linux-android'
build_alias=''
build_cpu='aarch64'
build_os='linux-android'
build_vendor='unknown'
datadir='${datarootdir}'
datarootdir='${prefix}/share'
docdir='${datarootdir}/doc/${PACKAGE_TARNAME}'
dvidir='${docdir}'
exec_prefix='${prefix}'
host='aarch64-unknown-linux-android'
host_alias=''
host_cpu='aarch64'
host_os='linux-android'
host_vendor='unknown'
htmldir='${docdir}'
includedir='${prefix}/include'
infodir='${datarootdir}/info'
install_sh='${SHELL} /data/data/com.termux/files/home/sugarmaker/install-sh'
libdir='${exec_prefix}/lib'
libexecdir='${exec_prefix}/libexec'
localedir='${datarootdir}/locale'
localstatedir='${prefix}/var'
mandir='${datarootdir}/man'
mkdir_p='$(MKDIR_P)'
oldincludedir='/usr/include'
pdfdir='${docdir}'
prefix='/data/data/com.termux/files/usr'
program_transform_name='s,x,x,'
psdir='${docdir}'
runstatedir='${localstatedir}/run'
sbindir='${exec_prefix}/sbin'
sharedstatedir='${prefix}/com'
sysconfdir='${prefix}/etc'
target='aarch64-unknown-linux-android'
target_alias=''
target_cpu='aarch64'
target_os='linux-android'
target_vendor='unknown'

## ----------- ##
## confdefs.h. ##
## ----------- ##

/* confdefs.h */
#define PACKAGE_NAME "sugarmaker"
#define PACKAGE_TARNAME "sugarmaker"
#define PACKAGE_VERSION "2.5.0-sugar4"
#define PACKAGE_STRING "sugarmaker 2.5.0-sugar4"
#define PACKAGE_BUGREPORT ""
#define PACKAGE_URL ""
#define PACKAGE "sugarmaker"
#define VERSION "2.5.0-sugar4"
#define HAVE_STDIO_H 1
#define HAVE_STDLIB_H 1
#define HAVE_STRING_H 1
#define HAVE_INTTYPES_H 1
#define HAVE_STDINT_H 1
#define HAVE_STRINGS_H 1
#define HAVE_SYS_STAT_H 1
#define HAVE_SYS_TYPES_H 1
#define HAVE_UNISTD_H 1
#define STDC_HEADERS 1
#define HAVE_SYS_ENDIAN_H 1
#define HAVE_SYS_PARAM_H 1
#define HAVE_SYSLOG_H 1
#define HAVE_DECL_BE32DEC 0
#define HAVE_DECL_LE32DEC 0
#define HAVE_DECL_BE32ENC 0
#define HAVE_DECL_LE32ENC 0
#define HAVE_ALLOCA_H 1
#define HAVE_ALLOCA 1
#define HAVE_GETOPT_LONG 1

configure: exit 0
